2016-08-23T11:51:24.938-0500 I CONTROL  [initandlisten] MongoDB starting : pid=11368 port=27017 dbpath=/data/db 64-bit host=kevin-ubuntu
2016-08-23T11:51:24.938-0500 I CONTROL  [initandlisten] db version v3.2.9
2016-08-23T11:51:24.938-0500 I CONTROL  [initandlisten] git version: 22ec9e93b40c85fc7cae7d56e7d6a02fd811088c
2016-08-23T11:51:24.938-0500 I CONTROL  [initandlisten] OpenSSL version: OpenSSL 1.0.2g-fips  1 Mar 2016
2016-08-23T11:51:24.938-0500 I CONTROL  [initandlisten] allocator: tcmalloc
2016-08-23T11:51:24.938-0500 I CONTROL  [initandlisten] modules: none
2016-08-23T11:51:24.938-0500 I CONTROL  [initandlisten] build environment:
2016-08-23T11:51:24.938-0500 I CONTROL  [initandlisten]     distmod: ubuntu1604
2016-08-23T11:51:24.938-0500 I CONTROL  [initandlisten]     distarch: x86_64
2016-08-23T11:51:24.939-0500 I CONTROL  [initandlisten]     target_arch: x86_64
2016-08-23T11:51:24.939-0500 I CONTROL  [initandlisten] options: {}
2016-08-23T11:51:24.969-0500 I -        [initandlisten] Detected data files in /data/db created by the 'mmapv1' storage engine, so setting the active storage engine to 'mmapv1'.
2016-08-23T11:51:24.973-0500 I JOURNAL  [initandlisten] journal dir=/data/db/journal
2016-08-23T11:51:24.973-0500 I JOURNAL  [initandlisten] recover : no journal files present, no recovery needed
2016-08-23T11:51:24.992-0500 I JOURNAL  [durability] Durability thread started
2016-08-23T11:51:24.992-0500 I JOURNAL  [journal writer] Journal writer thread started
2016-08-23T11:51:25.000-0500 I CONTROL  [initandlisten] 
2016-08-23T11:51:25.000-0500 I CONTROL  [initandlisten] ** WARNING: /sys/kernel/mm/transparent_hugepage/enabled is 'always'.
2016-08-23T11:51:25.000-0500 I CONTROL  [initandlisten] **        We suggest setting it to 'never'
2016-08-23T11:51:25.000-0500 I CONTROL  [initandlisten] 
2016-08-23T11:51:25.000-0500 I CONTROL  [initandlisten] ** WARNING: /sys/kernel/mm/transparent_hugepage/defrag is 'always'.
2016-08-23T11:51:25.000-0500 I CONTROL  [initandlisten] **        We suggest setting it to 'never'
2016-08-23T11:51:25.000-0500 I CONTROL  [initandlisten] 
2016-08-23T11:51:25.003-0500 I FTDC     [initandlisten] Initializing full-time diagnostic data capture with directory '/data/db/diagnostic.data'
2016-08-23T11:51:25.003-0500 I NETWORK  [HostnameCanonicalizationWorker] Starting hostname canonicalization worker
2016-08-23T11:51:25.003-0500 I NETWORK  [initandlisten] waiting for connections on port 27017
2016-08-23T11:51:29.799-0500 I CONTROL  [signalProcessingThread] got signal 1 (Hangup), will terminate after current cmd ends
2016-08-23T11:51:29.799-0500 I FTDC     [signalProcessingThread] Shutting down full-time diagnostic data capture
2016-08-23T11:51:29.799-0500 I CONTROL  [signalProcessingThread] now exiting
2016-08-23T11:51:29.799-0500 I NETWORK  [signalProcessingThread] shutdown: going to close listening sockets...
2016-08-23T11:51:29.799-0500 I NETWORK  [signalProcessingThread] closing listening socket: 5
2016-08-23T11:51:29.799-0500 I NETWORK  [signalProcessingThread] closing listening socket: 6
2016-08-23T11:51:29.799-0500 I NETWORK  [signalProcessingThread] removing socket file: /tmp/mongodb-27017.sock
2016-08-23T11:51:29.799-0500 I NETWORK  [signalProcessingThread] shutdown: going to flush diaglog...
2016-08-23T11:51:29.799-0500 I NETWORK  [signalProcessingThread] shutdown: going to close sockets...
2016-08-23T11:51:29.799-0500 I STORAGE  [signalProcessingThread] shutdown: waiting for fs preallocator...
2016-08-23T11:51:29.799-0500 I STORAGE  [signalProcessingThread] shutdown: final commit...
2016-08-23T11:51:29.806-0500 I JOURNAL  [signalProcessingThread] journalCleanup...
2016-08-23T11:51:29.806-0500 I JOURNAL  [signalProcessingThread] removeJournalFiles
2016-08-23T11:51:29.814-0500 I JOURNAL  [signalProcessingThread] Terminating durability thread ...
2016-08-23T11:51:29.902-0500 I JOURNAL  [journal writer] Journal writer thread stopped
2016-08-23T11:51:29.902-0500 I JOURNAL  [durability] Durability thread stopped
2016-08-23T11:51:29.902-0500 I STORAGE  [signalProcessingThread] shutdown: closing all files...
2016-08-23T11:51:29.903-0500 I STORAGE  [signalProcessingThread] closeAllFiles() finished
2016-08-23T11:51:29.903-0500 I STORAGE  [signalProcessingThread] shutdown: removing fs lock...
2016-08-23T11:51:29.903-0500 I CONTROL  [signalProcessingThread] dbexit:  rc: 0
